<?xml version="1.0" encoding="UTF-8"?>
<!-- Generated by org.testng.reporters.JUnitReportReporter -->
<testsuite hostname="GXNB-PG03THKB" failures="0" tests="2" name="day6.SerializationDeSerialization" time="0.253" errors="0" timestamp="2025-06-03T18:26:52 IST" skipped="0">
  <testcase classname="day6.SerializationDeSerialization" name="convertPojo2Json" time="0.220"/>
  <testcase classname="day6.SerializationDeSerialization" name="convertJson2Pojo" time="0.033"/>
</testsuite> <!-- day6.SerializationDeSerialization -->
