<?xml version="1.0" encoding="UTF-8"?>
<!-- Generated by org.testng.reporters.JUnitXMLReporter -->
<testsuite ignored="0" hostname="GXNB-PG03THKB" failures="0" tests="4" name="Test" time="6.916" errors="0" timestamp="2025-06-06T19:28:56 IST">
  <testcase classname="day8.CreateUser" name="testCreateUser" time="3.527"/>
  <testcase classname="day8.GetUser" name="test_getUser" time="1.151"/>
  <testcase classname="day8.UpdateUser" name="test_updateUser" time="1.127"/>
  <testcase classname="day8.DeleteUser" name="test_deleteUser" time="1.061"/>
</testsuite> <!-- Test -->
