<?xml version="1.0" encoding="UTF-8"?>
<testng-results ignored="0" total="2" passed="2" failed="0" skipped="0">
  <reporter-output>
  </reporter-output>
  <suite started-at="2025-06-03T18:26:52 IST" name="Default suite" finished-at="2025-06-03T18:26:52 IST" duration-ms="298">
    <groups>
    </groups>
    <test started-at="2025-06-03T18:26:52 IST" name="Default test" finished-at="2025-06-03T18:26:52 IST" duration-ms="298">
      <class name="day6.SerializationDeSerialization">
        <test-method signature="convertPojo2Json()[pri:1, instance:day6.SerializationDeSerialization@4b741d6d]" started-at="2025-06-03T18:26:52 IST" name="convertPojo2Json" finished-at="2025-06-03T18:26:52 IST" duration-ms="220" status="PASS">
          <reporter-output>
          </reporter-output>
        </test-method> <!-- convertPojo2Json -->
        <test-method signature="convertJson2Pojo()[pri:2, instance:day6.SerializationDeSerialization@4b741d6d]" started-at="2025-06-03T18:26:52 IST" name="convertJson2Pojo" finished-at="2025-06-03T18:26:52 IST" duration-ms="33" status="PASS">
          <reporter-output>
          </reporter-output>
        </test-method> <!-- convertJson2Pojo -->
      </class> <!-- day6.SerializationDeSerialization -->
    </test> <!-- Default test -->
  </suite> <!-- Default suite -->
</testng-results>
