<?xml version="1.0" encoding="UTF-8"?>
<testng-results ignored="0" total="1" passed="1" failed="0" skipped="0">
  <reporter-output>
  </reporter-output>
  <suite started-at="2025-10-17T17:38:57 IST" name="Default suite" finished-at="2025-10-17T17:39:23 IST" duration-ms="26380">
    <groups>
    </groups>
    <test started-at="2025-10-17T17:38:57 IST" name="Default test" finished-at="2025-10-17T17:39:23 IST" duration-ms="26380">
      <class name="pageobjectmodeltest.TestUsingPOM">
        <test-method signature="login()[pri:0, instance:pageobjectmodeltest.TestUsingPOM@3012646b]" started-at="2025-10-17T17:38:57 IST" name="login" finished-at="2025-10-17T17:39:23 IST" duration-ms="26344" status="PASS">
          <reporter-output>
          </reporter-output>
        </test-method> <!-- login -->
      </class> <!-- pageobjectmodeltest.TestUsingPOM -->
    </test> <!-- Default test -->
  </suite> <!-- Default suite -->
</testng-results>
